<?xml version="1.0" encoding="UTF-8"?>
<!-- Generated by org.testng.reporters.JUnitXMLReporter -->
<testsuite ignored="0" hostname="DESKTOP-MN33QAB" failures="1" tests="2" name="PositiveTests" time="7.534" errors="0" timestamp="2022-05-05T12:08:09 BRT">
  <testcase classname="com.herokuapp.theinternet.LoginTests" name="positiveLoginTest" time="7.457"/>
  <testcase classname="com.herokuapp.theinternet.LoginTests" name="negativeLoginTest" time="0.0">
    <failure type="org.testng.TestNGException" message="
Parameter &amp;apos;username&amp;apos; is required by @Test on method negativeLoginTest but has not been marked @Optional or defined
in C:\Users\gugav\eclipse-workspace\selenium-for-beginners\src\test\resources\TestSuites\LoginTests.xml">
      <![CDATA[org.testng.TestNGException: 
Parameter 'username' is required by @Test on method negativeLoginTest but has not been marked @Optional or defined
in C:\Users\gugav\eclipse-workspace\selenium-for-beginners\src\test\resources\TestSuites\LoginTests.xml
at java.base/java.util.ArrayList.forEach(ArrayList.java:1511)
... Removed 26 stack frames]]>
    </failure>
  </testcase> <!-- negativeLoginTest -->
</testsuite> <!-- PositiveTests -->
